2024-11-17 03:14:08,540 - INFO - System health monitoring started on Windows.
2024-11-17 03:14:09,545 - INFO - CPU Usage: 0.4% | Memory Usage: 76.8% | Disk Usage: 0.1%
2024-11-17 03:14:09,545 - WARNING - High Memory usage detected: 76.8%
2024-11-17 03:14:09,607 - INFO - -- BEGIN Twilio API Request --
2024-11-17 03:14:09,607 - INFO - POST Request: https://api.twilio.com/2010-04-01/Accounts/AC05f752a99c3de6996e956c2474a9d9ca/Messages.json
2024-11-17 03:14:09,607 - INFO - Headers:
2024-11-17 03:14:09,607 - INFO - Content-Type : application/x-www-form-urlencoded
2024-11-17 03:14:09,607 - INFO - User-Agent : twilio-python/9.3.7 (Windows AMD64) Python/3.12.5
2024-11-17 03:14:09,607 - INFO - X-Twilio-Client : python-9.3.7
2024-11-17 03:14:09,619 - INFO - Accept-Charset : utf-8
2024-11-17 03:14:09,619 - INFO - Accept : application/json
2024-11-17 03:14:09,619 - INFO - -- END Twilio API Request --
2024-11-17 03:14:10,201 - INFO - Response Status Code: 201
2024-11-17 03:14:10,201 - INFO - Response Headers: {'Content-Type': 'application/json;charset=utf-8', 'Content-Length': '836', 'Connection': 'keep-alive', 'Date': 'Sat, 16 Nov 2024 21:43:20 GMT', 'X-Powered-By': 'AT-5000', 'Twilio-Concurrent-Requests': '1', 'Twilio-Request-Id': 'RQdce43f1acfa6ae415b80b72d20a439b9', 'Twilio-Request-Duration': '0.139', 'X-Home-Region': 'us1', 'X-Api-Domain': 'api.twilio.com', 'Strict-Transport-Security': 'max-age=31536000', 'Access-Control-Allow-Origin': '*', 'Access-Control-Allow-Headers': 'Accept, Authorization, Content-Type, If-Match, If-Modified-Since, If-None-Match, If-Unmodified-Since, Idempotency-Key, X-Pre-Auth-Context, X-Target-Region', 'Access-Control-Allow-Methods': 'GET, POST, PATCH, PUT, DELETE, OPTIONS', 'Access-Control-Expose-Headers': 'ETag, Twilio-Request-Id', 'Access-Control-Allow-Credentials': 'true', 'X-Shenanigans': 'none', 'X-Cache': 'Miss from cloudfront', 'Via': '1.1 c1bfbbe7d455db5795b7f7a2882ec536.cloudfront.net (CloudFront)', 'X-Amz-Cf-Pop': 'BLR50-C2', 'X-Amz-Cf-Id': '3RPTMatMuztQj9Oj7HIPknGVYzRI-HETg0K2U-XaVHOWani2CQbccw=='}
2024-11-17 03:14:10,202 - INFO - SMS sent: SMdce43f1acfa6ae415b80b72d20a439b9
2024-11-17 03:14:26,204 - INFO - CPU Usage: 1.0% | Memory Usage: 77.2% | Disk Usage: 0.1%
2024-11-17 03:14:26,205 - WARNING - High Memory usage detected: 77.2%
2024-11-17 03:14:26,205 - INFO - -- BEGIN Twilio API Request --
2024-11-17 03:14:26,205 - INFO - POST Request: https://api.twilio.com/2010-04-01/Accounts/AC05f752a99c3de6996e956c2474a9d9ca/Messages.json
2024-11-17 03:14:26,205 - INFO - Headers:
2024-11-17 03:14:26,205 - INFO - Content-Type : application/x-www-form-urlencoded
2024-11-17 03:14:26,205 - INFO - User-Agent : twilio-python/9.3.7 (Windows AMD64) Python/3.12.5
2024-11-17 03:14:26,205 - INFO - X-Twilio-Client : python-9.3.7
2024-11-17 03:14:26,205 - INFO - Accept-Charset : utf-8
2024-11-17 03:14:26,205 - INFO - Accept : application/json
2024-11-17 03:14:26,205 - INFO - -- END Twilio API Request --
2024-11-17 03:14:26,781 - INFO - Response Status Code: 201
2024-11-17 03:14:26,781 - INFO - Response Headers: {'Content-Type': 'application/json;charset=utf-8', 'Content-Length': '836', 'Connection': 'keep-alive', 'Date': 'Sat, 16 Nov 2024 21:43:37 GMT', 'X-Powered-By': 'AT-5000', 'Twilio-Concurrent-Requests': '1', 'Twilio-Request-Id': 'RQ93578ff306a3a95d54aceb252f00dcf6', 'Twilio-Request-Duration': '0.156', 'X-Home-Region': 'us1', 'X-Api-Domain': 'api.twilio.com', 'Strict-Transport-Security': 'max-age=31536000', 'Access-Control-Allow-Origin': '*', 'Access-Control-Allow-Headers': 'Accept, Authorization, Content-Type, If-Match, If-Modified-Since, If-None-Match, If-Unmodified-Since, Idempotency-Key, X-Pre-Auth-Context, X-Target-Region', 'Access-Control-Allow-Methods': 'GET, POST, PATCH, PUT, DELETE, OPTIONS', 'Access-Control-Expose-Headers': 'ETag, Twilio-Request-Id', 'Access-Control-Allow-Credentials': 'true', 'X-Shenanigans': 'none', 'X-Cache': 'Miss from cloudfront', 'Via': '1.1 04b8b342192202b11a95d5cf7150830a.cloudfront.net (CloudFront)', 'X-Amz-Cf-Pop': 'BLR50-C2', 'X-Amz-Cf-Id': 'akwrRK3paPPh80JuQqI6Uval3c6UcG4fL0QyNN4UdpxLpcFHmkNJfw=='}
2024-11-17 03:14:26,782 - INFO - SMS sent: SM93578ff306a3a95d54aceb252f00dcf6
2024-11-17 03:19:58,298 - INFO - System health monitoring started on Windows.
2024-11-17 03:19:59,303 - INFO - CPU Usage: 1.6% | Memory Usage: 58.6% | Disk Usage: 0.1%
2024-11-17 03:19:59,303 - WARNING - High Memory usage detected: 58.6%
2024-11-17 03:19:59,362 - INFO - -- BEGIN Twilio API Request --
2024-11-17 03:19:59,362 - INFO - POST Request: https://api.twilio.com/2010-04-01/Accounts/AC05f752a99c3de6996e956c2474a9d9ca/Messages.json
2024-11-17 03:19:59,362 - INFO - Headers:
2024-11-17 03:19:59,362 - INFO - Content-Type : application/x-www-form-urlencoded
2024-11-17 03:19:59,362 - INFO - User-Agent : twilio-python/9.3.7 (Windows AMD64) Python/3.12.5
2024-11-17 03:19:59,362 - INFO - X-Twilio-Client : python-9.3.7
2024-11-17 03:19:59,362 - INFO - Accept-Charset : utf-8
2024-11-17 03:19:59,362 - INFO - Accept : application/json
2024-11-17 03:19:59,362 - INFO - -- END Twilio API Request --
2024-11-17 03:19:59,821 - INFO - Response Status Code: 201
2024-11-17 03:19:59,822 - INFO - Response Headers: {'Content-Type': 'application/json;charset=utf-8', 'Content-Length': '836', 'Connection': 'keep-alive', 'Date': 'Sat, 16 Nov 2024 21:49:10 GMT', 'X-Powered-By': 'AT-5000', 'Twilio-Concurrent-Requests': '1', 'Twilio-Request-Id': 'RQf41fb95d6b126c097f40663eeb045fec', 'Twilio-Request-Duration': '0.145', 'X-Home-Region': 'us1', 'X-Api-Domain': 'api.twilio.com', 'Strict-Transport-Security': 'max-age=31536000', 'Access-Control-Allow-Origin': '*', 'Access-Control-Allow-Headers': 'Accept, Authorization, Content-Type, If-Match, If-Modified-Since, If-None-Match, If-Unmodified-Since, Idempotency-Key, X-Pre-Auth-Context, X-Target-Region', 'Access-Control-Allow-Methods': 'GET, POST, PATCH, PUT, DELETE, OPTIONS', 'Access-Control-Expose-Headers': 'ETag, Twilio-Request-Id', 'Access-Control-Allow-Credentials': 'true', 'X-Shenanigans': 'none', 'X-Cache': 'Miss from cloudfront', 'Via': '1.1 91096edb3275383876c9ba1520a3ee86.cloudfront.net (CloudFront)', 'X-Amz-Cf-Pop': 'BOM52-C1', 'X-Amz-Cf-Id': 'C1tvsrp2tLnmmTrwJ4bUx2hKKcpvyiBVH8MRZvmQy9rK886ehtkhAg=='}
2024-11-17 03:19:59,822 - INFO - SMS sent: SMf41fb95d6b126c097f40663eeb045fec
